<?xml version="1.0" encoding="UTF-8"?>
<!-- Generated by org.testng.reporters.JUnitXMLReporter -->
<testsuite ignored="5" hostname="DESKTOP-QP4T5OH" failures="0" tests="4" name="Default test" time="54.881" errors="0" timestamp="2025-02-22T10:57:57 IST">
  <testcase classname="com.Fieldy.TestRunner.FieldyRun" name="printTitle" time="0.026"/>
  <testcase classname="com.Fieldy.TestRunner.FieldyRun" name="printCurrentURL" time="0.009"/>
  <testcase classname="com.Fieldy.TestRunner.FieldyRun" name="validateLogin" time="20.81"/>
  <testcase classname="com.Fieldy.TestRunner.FieldyRun" name="editAssetForm" time="12.24"/>
  <testcase classname="com.Fieldy.TestRunner.FieldyRun" name="attendanceClockOut" time="0.0">
    <ignored/>
  </testcase> <!-- attendanceClockOut -->
  <testcase classname="com.Fieldy.TestRunner.FieldyRun" name="createAMCForm" time="0.0">
    <ignored/>
  </testcase> <!-- createAMCForm -->
  <testcase classname="com.Fieldy.TestRunner.FieldyRun" name="editAMCForm" time="0.0">
    <ignored/>
  </testcase> <!-- editAMCForm -->
  <testcase classname="com.Fieldy.TestRunner.FieldyRun" name="createAssetForm" time="0.0">
    <ignored/>
  </testcase> <!-- createAssetForm -->
  <testcase classname="com.Fieldy.TestRunner.FieldyRun" name="attendanceClockIn" time="0.0">
    <ignored/>
  </testcase> <!-- attendanceClockIn -->
</testsuite> <!-- Default test -->
