<?xml version="1.0" encoding="UTF-8"?>
<!-- Generated by org.testng.reporters.JUnitXMLReporter -->
<testsuite ignored="2" hostname="DESKTOP-QP4T5OH" failures="0" tests="2" name="Test3" time="40.507" errors="0" timestamp="2024-12-21T12:00:00 IST">
  <testcase classname="com.Fieldy.TestRunner.FieldyRun" name="printTitle" time="0.028"/>
  <testcase classname="com.Fieldy.TestRunner.FieldyRun" name="printCurrentURL" time="0.011"/>
  <testcase classname="com.Fieldy.TestRunner.FieldyRun" name="createAMCForm" time="0.0">
    <ignored/>
  </testcase> <!-- createAMCForm -->
  <testcase classname="com.Fieldy.TestRunner.FieldyRun" name="editAMCForm" time="0.0">
    <ignored/>
  </testcase> <!-- editAMCForm -->
</testsuite> <!-- Test3 -->
