<?xml version="1.0" encoding="UTF-8"?>
<!-- Generated by org.testng.reporters.JUnitXMLReporter -->
<testsuite ignored="2" hostname="DESKTOP-QP4T5OH" failures="0" tests="5" name="Test1" time="57.674" errors="0" timestamp="2024-12-21T12:02:44 IST">
  <testcase classname="com.Fieldy.TestRunner.FieldyRun" name="printTitle" time="0.029"/>
  <testcase classname="com.Fieldy.TestRunner.FieldyRun" name="printCurrentURL" time="0.012"/>
  <testcase classname="com.Fieldy.TestRunner.FieldyRun" name="validateLogin" time="14.64"/>
  <testcase classname="com.Fieldy.TestRunner.FieldyRun" name="attendanceClockIn" time="31.979"/>
  <testcase classname="com.Fieldy.TestRunner.FieldyRun" name="attendanceClockOut" time="1.055"/>
  <testcase classname="com.Fieldy.TestRunner.FieldyRun" name="createAMCForm" time="0.0">
    <ignored/>
  </testcase> <!-- createAMCForm -->
  <testcase classname="com.Fieldy.TestRunner.FieldyRun" name="editAMCForm" time="0.0">
    <ignored/>
  </testcase> <!-- editAMCForm -->
</testsuite> <!-- Test1 -->
