<?xml version="1.0" encoding="UTF-8"?>
<testng-results ignored="0" total="2" passed="1" failed="1" skipped="0">
  <reporter-output>
  </reporter-output>
  <suite started-at="2024-11-06T16:01:25 IST" name="Default suite" finished-at="2024-11-06T16:02:17 IST" duration-ms="51429">
    <groups>
    </groups>
    <test started-at="2024-11-06T16:01:25 IST" name="Default test" finished-at="2024-11-06T16:02:17 IST" duration-ms="51429">
      <class name="com.Fieldy.TestRunner.FieldyRun">
        <test-method is-config="true" signature="beforeClass()[pri:0, instance:com.Fieldy.TestRunner.FieldyRun@437da279]" started-at="2024-11-06T16:01:26 IST" name="beforeClass" finished-at="2024-11-06T16:01:37 IST" duration-ms="11673" status="PASS">
          <reporter-output>
          </reporter-output>
        </test-method> <!-- beforeClass -->
        <test-method signature="validateLogin()[pri:0, instance:com.Fieldy.TestRunner.FieldyRun@437da279]" started-at="2024-11-06T16:01:37 IST" name="validateLogin" finished-at="2024-11-06T16:01:59 IST" duration-ms="21754" status="PASS">
          <reporter-output>
          </reporter-output>
        </test-method> <!-- validateLogin -->
        <test-method signature="formCreation()[pri:1, instance:com.Fieldy.TestRunner.FieldyRun@437da279]" started-at="2024-11-06T16:01:59 IST" name="formCreation" finished-at="2024-11-06T16:02:16 IST" depends-on-methods="com.Fieldy.TestRunner.FieldyRun.validateLogin" duration-ms="17417" status="FAIL">
          <exception class="org.openqa.selenium.ElementClickInterceptedException">
            <message>
              <![CDATA[element click intercepted: Element <div class="add_button cp tagsss" data-rolekey="create" gloss="Create AMC" data-n-linkto="amc_create">...</div> is not clickable at point (1244, 130). Other element would receive the click: <div class="loader-bg-transparentnew " style="display: block;">...</div>
  (Session info: chrome=130.0.6723.92)
Build info: version: '4.21.0', revision: '79ed462ef4'
System info: os.name: 'Windows 10', os.arch: 'amd64', os.version: '10.0', java.version: '17.0.8.1'
Driver info: org.openqa.selenium.chrome.ChromeDriver
Command: [caeebd7cc6592acef9c3585da5a4a9c3, clickElement {id=f.0FE120FCBE9D6506DE314AC6E5CE9C76.d.7ACCC403644596DDB8E90D88C81BF31E.e.181}]
Capabilities {acceptInsecureCerts: false, browserName: chrome, browserVersion: 130.0.6723.92, chrome: {chromedriverVersion: 130.0.6723.93 (dbcf0550c05e..., userDataDir: C:\Users\ZAIGOP~1\AppData\L...}, fedcm:accounts: true, goog:chromeOptions: {debuggerAddress: localhost:58338}, networkConnectionEnabled: false, pageLoadStrategy: normal, platformName: windows, proxy: Proxy(), se:cdp: ws://localhost:58338/devtoo..., se:cdpVersion: 130.0.6723.92, setWindowRect: true, strictFileInteractability: false, timeouts: {implicit: 0, pageLoad: 300000, script: 30000}, unhandledPromptBehavior: dismiss and notify, webauthn:extension:credBlob: true, webauthn:extension:largeBlob: true, webauthn:extension:minPinLength: true, webauthn:extension:prf: true, webauthn:virtualAuthenticators: true}
Element: [[ChromeDriver: chrome on windows (caeebd7cc6592acef9c3585da5a4a9c3)] -> xpath: //div[@data-n-linkto='amc_create']]
Session ID: caeebd7cc6592acef9c3585da5a4a9c3]]>
            </message>
            <full-stacktrace>
              <![CDATA[org.openqa.selenium.ElementClickInterceptedException: element click intercepted: Element <div class="add_button cp tagsss" data-rolekey="create" gloss="Create AMC" data-n-linkto="amc_create">...</div> is not clickable at point (1244, 130). Other element would receive the click: <div class="loader-bg-transparentnew " style="display: block;">...</div>
  (Session info: chrome=130.0.6723.92)
Build info: version: '4.21.0', revision: '79ed462ef4'
System info: os.name: 'Windows 10', os.arch: 'amd64', os.version: '10.0', java.version: '17.0.8.1'
Driver info: org.openqa.selenium.chrome.ChromeDriver
Command: [caeebd7cc6592acef9c3585da5a4a9c3, clickElement {id=f.0FE120FCBE9D6506DE314AC6E5CE9C76.d.7ACCC403644596DDB8E90D88C81BF31E.e.181}]
Capabilities {acceptInsecureCerts: false, browserName: chrome, browserVersion: 130.0.6723.92, chrome: {chromedriverVersion: 130.0.6723.93 (dbcf0550c05e..., userDataDir: C:\Users\ZAIGOP~1\AppData\L...}, fedcm:accounts: true, goog:chromeOptions: {debuggerAddress: localhost:58338}, networkConnectionEnabled: false, pageLoadStrategy: normal, platformName: windows, proxy: Proxy(), se:cdp: ws://localhost:58338/devtoo..., se:cdpVersion: 130.0.6723.92, setWindowRect: true, strictFileInteractability: false, timeouts: {implicit: 0, pageLoad: 300000, script: 30000}, unhandledPromptBehavior: dismiss and notify, webauthn:extension:credBlob: true, webauthn:extension:largeBlob: true, webauthn:extension:minPinLength: true, webauthn:extension:prf: true, webauthn:virtualAuthenticators: true}
Element: [[ChromeDriver: chrome on windows (caeebd7cc6592acef9c3585da5a4a9c3)] -> xpath: //div[@data-n-linkto='amc_create']]
Session ID: caeebd7cc6592acef9c3585da5a4a9c3
at java.base/jdk.internal.reflect.NativeConstructorAccessorImpl.newInstance0(Native Method)
at java.base/jdk.internal.reflect.NativeConstructorAccessorImpl.newInstance(NativeConstructorAccessorImpl.java:77)
at java.base/jdk.internal.reflect.DelegatingConstructorAccessorImpl.newInstance(DelegatingConstructorAccessorImpl.java:45)
at java.base/java.lang.reflect.Constructor.newInstanceWithCaller(Constructor.java:499)
at java.base/java.lang.reflect.Constructor.newInstance(Constructor.java:480)
at org.openqa.selenium.remote.ErrorCodec.decode(ErrorCodec.java:167)
at org.openqa.selenium.remote.codec.w3c.W3CHttpResponseCodec.decode(W3CHttpResponseCodec.java:138)
at org.openqa.selenium.remote.codec.w3c.W3CHttpResponseCodec.decode(W3CHttpResponseCodec.java:50)
at org.openqa.selenium.remote.HttpCommandExecutor.execute(HttpCommandExecutor.java:190)
at org.openqa.selenium.remote.service.DriverCommandExecutor.invokeExecute(DriverCommandExecutor.java:216)
at org.openqa.selenium.remote.service.DriverCommandExecutor.execute(DriverCommandExecutor.java:174)
at org.openqa.selenium.remote.RemoteWebDriver.execute(RemoteWebDriver.java:518)
at org.openqa.selenium.remote.RemoteWebElement.execute(RemoteWebElement.java:223)
at org.openqa.selenium.remote.RemoteWebElement.click(RemoteWebElement.java:76)
at com.Fieldy.TestUtility.DriverUtils.click(DriverUtils.java:76)
at com.Fieldy.PageObjects.AMCFormPage.clickNewButton(AMCFormPage.java:52)
at com.Fieldy.PageObjects.AMCFormPage.createAMCForm(AMCFormPage.java:34)
at com.Fieldy.TestRunner.FieldyRun.formCreation(FieldyRun.java:110)
at java.base/jdk.internal.reflect.NativeMethodAccessorImpl.invoke0(Native Method)
at java.base/jdk.internal.reflect.NativeMethodAccessorImpl.invoke(NativeMethodAccessorImpl.java:77)
at java.base/jdk.internal.reflect.DelegatingMethodAccessorImpl.invoke(DelegatingMethodAccessorImpl.java:43)
at java.base/java.lang.reflect.Method.invoke(Method.java:568)
at org.testng.internal.MethodInvocationHelper.invokeMethod(MethodInvocationHelper.java:133)
at org.testng.internal.TestInvoker.invokeMethod(TestInvoker.java:598)
at org.testng.internal.TestInvoker.invokeTestMethod(TestInvoker.java:173)
at org.testng.internal.MethodRunner.runInSequence(MethodRunner.java:46)
at org.testng.internal.TestInvoker$MethodInvocationAgent.invoke(TestInvoker.java:824)
at org.testng.internal.TestInvoker.invokeTestMethods(TestInvoker.java:146)
at org.testng.internal.TestMethodWorker.invokeTestMethods(TestMethodWorker.java:146)
at org.testng.internal.TestMethodWorker.run(TestMethodWorker.java:128)
at java.base/java.util.ArrayList.forEach(ArrayList.java:1511)
at org.testng.TestRunner.privateRun(TestRunner.java:794)
at org.testng.TestRunner.run(TestRunner.java:596)
at org.testng.SuiteRunner.runTest(SuiteRunner.java:377)
at org.testng.SuiteRunner.runSequentially(SuiteRunner.java:371)
at org.testng.SuiteRunner.privateRun(SuiteRunner.java:332)
at org.testng.SuiteRunner.run(SuiteRunner.java:276)
at org.testng.SuiteRunnerWorker.runSuite(SuiteRunnerWorker.java:53)
at org.testng.SuiteRunnerWorker.run(SuiteRunnerWorker.java:96)
at org.testng.TestNG.runSuitesSequentially(TestNG.java:1212)
at org.testng.TestNG.runSuitesLocally(TestNG.java:1134)
at org.testng.TestNG.runSuites(TestNG.java:1063)
at org.testng.TestNG.run(TestNG.java:1031)
at org.testng.remote.AbstractRemoteTestNG.run(AbstractRemoteTestNG.java:115)
at org.testng.remote.RemoteTestNG.initAndRun(RemoteTestNG.java:293)
at org.testng.remote.RemoteTestNG.main(RemoteTestNG.java:91)
]]>
            </full-stacktrace>
          </exception> <!-- org.openqa.selenium.ElementClickInterceptedException -->
          <reporter-output>
          </reporter-output>
        </test-method> <!-- formCreation -->
      </class> <!-- com.Fieldy.TestRunner.FieldyRun -->
    </test> <!-- Default test -->
  </suite> <!-- Default suite -->
</testng-results>
